<?xml version="1.0" encoding="UTF-8"?>
<testng-results ignored="0" total="2" passed="2" failed="0" skipped="0">
  <reporter-output>
  </reporter-output>
  <suite started-at="2023-11-11T15:53:35 IST" name="Default suite" finished-at="2023-11-11T15:53:35 IST" duration-ms="61">
    <groups>
    </groups>
    <test started-at="2023-11-11T15:53:35 IST" name="Default test" finished-at="2023-11-11T15:53:35 IST" duration-ms="61">
      <class name="PS1">
        <test-method is-config="true" signature="beforeMethod()[pri:0, instance:PS1@223aa2f7]" started-at="2023-11-11T15:53:35 IST" name="beforeMethod" finished-at="2023-11-11T15:53:35 IST" duration-ms="4" status="PASS">
          <reporter-output>
          </reporter-output>
        </test-method> <!-- beforeMethod -->
        <test-method signature="doThis()[pri:0, instance:PS1@223aa2f7]" started-at="2023-11-11T15:53:35 IST" name="doThis" finished-at="2023-11-11T15:53:35 IST" duration-ms="7" status="PASS">
          <reporter-output>
          </reporter-output>
        </test-method> <!-- doThis -->
        <test-method is-config="true" signature="beforeMethod()[pri:0, instance:PS1@223aa2f7]" started-at="2023-11-11T15:53:35 IST" name="beforeMethod" finished-at="2023-11-11T15:53:35 IST" duration-ms="0" status="PASS">
          <reporter-output>
          </reporter-output>
        </test-method> <!-- beforeMethod -->
        <test-method is-config="true" signature="afterMethod()[pri:0, instance:PS1@223aa2f7]" started-at="2023-11-11T15:53:35 IST" name="afterMethod" finished-at="2023-11-11T15:53:35 IST" duration-ms="0" status="PASS">
          <reporter-output>
          </reporter-output>
        </test-method> <!-- afterMethod -->
        <test-method signature="testRun()[pri:0, instance:PS1@223aa2f7]" started-at="2023-11-11T15:53:35 IST" name="testRun" finished-at="2023-11-11T15:53:35 IST" duration-ms="3" status="PASS">
          <reporter-output>
          </reporter-output>
        </test-method> <!-- testRun -->
        <test-method is-config="true" signature="afterMethod()[pri:0, instance:PS1@223aa2f7]" started-at="2023-11-11T15:53:35 IST" name="afterMethod" finished-at="2023-11-11T15:53:35 IST" duration-ms="0" status="PASS">
          <reporter-output>
          </reporter-output>
        </test-method> <!-- afterMethod -->
      </class> <!-- PS1 -->
    </test> <!-- Default test -->
  </suite> <!-- Default suite -->
</testng-results>
